#
# There is insufficient memory for the Java Runtime Environment to continue.
# Native memory allocation (malloc) failed to allocate 32784 bytes for Chunk::new
# Possible reasons:
#   The system is out of physical RAM or swap space
#   The process is running with CompressedOops enabled, and the Java Heap may be blocking the growth of the native heap
# Possible solutions:
#   Reduce memory load on the system
#   Increase physical memory or swap space
#   Check if swap backing store is full
#   Decrease Java heap size (-Xmx/-Xms)
#   Decrease number of Java threads
#   Decrease Java thread stack sizes (-Xss)
#   Set larger code cache with -XX:ReservedCodeCacheSize=
#   JVM is running with Unscaled Compressed Oops mode in which the Java heap is
#     placed in the first 4GB address space. The Java Heap base address is the
#     maximum limit for the native heap growth. Please use -XX:HeapBaseMinAddress
#     to set the Java Heap base and to place the Java Heap above 4GB virtual address.
# This output file may be truncated or incomplete.
#
#  Out of Memory Error (allocation.cpp:389), pid=10468, tid=0x0000000000003eec
#
# JRE version: Java(TM) SE Runtime Environment (8.0_321-b07) (build 1.8.0_321-b07)
# Java VM: Java HotSpot(TM) 64-Bit Server VM (25.321-b07 mixed mode windows-amd64 compressed oops)
# Failed to write core dump. Minidumps are not enabled by default on client versions of Windows
#

---------------  T H R E A D  ---------------

Current thread (0x0000024177935800):  JavaThread "C2 CompilerThread0" daemon [_thread_in_native, id=16108, stack(0x000000c237d00000,0x000000c237e00000)]

Stack: [0x000000c237d00000,0x000000c237e00000]
Native frames: (J=compiled Java code, j=interpreted, Vv=VM code, C=native code)
V  [jvm.dll+0x32fc49]
V  [jvm.dll+0x2761a2]
V  [jvm.dll+0x276e4d]
V  [jvm.dll+0x26d7f5]
V  [jvm.dll+0xd5a0c]
V  [jvm.dll+0xd620c]
V  [jvm.dll+0xd5d5d]
V  [jvm.dll+0x4c7b6f]
V  [jvm.dll+0x4900d2]
V  [jvm.dll+0x48f606]
V  [jvm.dll+0x443e51]
V  [jvm.dll+0x440ffb]
V  [jvm.dll+0x42becb]
V  [jvm.dll+0xac68b]
V  [jvm.dll+0xaaceb]
V  [jvm.dll+0x23e6f2]
V  [jvm.dll+0x292edc]
C  [ucrtbase.dll+0x21bb2]
C  [KERNEL32.DLL+0x17034]
C  [ntdll.dll+0x52651]


Current CompileTask:
C2:   6680 3310   !   4       java.util.jar.Attributes::read (344 bytes)


---------------  P R O C E S S  ---------------

Java Threads: ( => current thread )
  0x00000241798ac800 JavaThread "restartedMain" [_thread_in_vm, id=18112, stack(0x000000c238300000,0x000000c238400000)]
  0x0000024179c5f800 JavaThread "Thread-0" [_thread_blocked, id=7036, stack(0x000000c238200000,0x000000c238300000)]
  0x0000024178b09800 JavaThread "Service Thread" daemon [_thread_blocked, id=16260, stack(0x000000c238000000,0x000000c238100000)]
  0x0000024177940800 JavaThread "C1 CompilerThread2" daemon [_thread_blocked, id=8296, stack(0x000000c237f00000,0x000000c238000000)]
  0x000002417793f800 JavaThread "C2 CompilerThread1" daemon [_thread_blocked, id=17504, stack(0x000000c237e00000,0x000000c237f00000)]
=>0x0000024177935800 JavaThread "C2 CompilerThread0" daemon [_thread_in_native, id=16108, stack(0x000000c237d00000,0x000000c237e00000)]
  0x0000024177922800 JavaThread "JDWP Command Reader" daemon [_thread_in_native, id=11132, stack(0x000000c237c00000,0x000000c237d00000)]
  0x0000024177920800 JavaThread "JDWP Event Helper Thread" daemon [_thread_blocked, id=11040, stack(0x000000c237b00000,0x000000c237c00000)]
  0x000002417790f000 JavaThread "JDWP Transport Listener: dt_socket" daemon [_thread_blocked, id=12912, stack(0x000000c237a00000,0x000000c237b00000)]
  0x0000024177904800 JavaThread "Attach Listener" daemon [_thread_blocked, id=13808, stack(0x000000c237900000,0x000000c237a00000)]
  0x0000024177904000 JavaThread "Signal Dispatcher" daemon [_thread_blocked, id=6080, stack(0x000000c237800000,0x000000c237900000)]
  0x00000241778da800 JavaThread "Finalizer" daemon [_thread_blocked, id=17984, stack(0x000000c237700000,0x000000c237800000)]
  0x00000241778d8000 JavaThread "Reference Handler" daemon [_thread_blocked, id=17980, stack(0x000000c237600000,0x000000c237700000)]
  0x000002416183a800 JavaThread "main" [_thread_blocked, id=19200, stack(0x000000c237000000,0x000000c237100000)]

Other Threads:
  0x00000241778aa800 VMThread [stack: 0x000000c237500000,0x000000c237600000] [id=6620]
  0x00000241779fe000 WatcherThread [stack: 0x000000c238100000,0x000000c238200000] [id=13660]

VM state:not at safepoint (normal execution)

VM Mutex/Monitor currently owned by a thread: None

heap address: 0x0000000081000000, size: 2032 MB, Compressed Oops mode: 32-bit
Narrow klass base: 0x0000000000000000, Narrow klass shift: 3
Compressed class space size: 1073741824 Address: 0x0000000100000000

Heap:
 PSYoungGen      total 118784K, used 12160K [0x00000000d5b00000, 0x00000000dec00000, 0x0000000100000000)
  eden space 110592K, 10% used [0x00000000d5b00000,0x00000000d66e0150,0x00000000dc700000)
  from space 8192K, 0% used [0x00000000ddc00000,0x00000000ddc00000,0x00000000de400000)
  to   space 6656K, 0% used [0x00000000de580000,0x00000000de580000,0x00000000dec00000)
 ParOldGen       total 55296K, used 16739K [0x0000000081000000, 0x0000000084600000, 0x00000000d5b00000)
  object space 55296K, 30% used [0x0000000081000000,0x0000000082058e40,0x0000000084600000)
 Metaspace       used 33962K, capacity 36136K, committed 36392K, reserved 1081344K
  class space    used 4425K, capacity 4803K, committed 4912K, reserved 1048576K

Card table byte_map: [0x00000241725d0000,0x00000241729d0000] byte_map_base: 0x00000241721c8000

Marking Bits: (ParMarkBitMap*) 0x000000006a779030
 Begin Bits: [0x0000024172c80000, 0x0000024174c40000)
 End Bits:   [0x0000024174c40000, 0x0000024176c00000)

Polling page: 0x0000024161790000

CodeCache: size=245760Kb used=12537Kb max_used=12537Kb free=233222Kb
 bounds [0x0000024163210000, 0x0000024163e60000, 0x0000024172210000]
 total_blobs=3742 nmethods=3342 adapters=318
 compilation: enabled

Compilation events (10 events):
Event: 6.648 Thread 0x0000024177940800 3345       1       sun.security.x509.X509AttributeName::getSuffix (5 bytes)
Event: 6.648 Thread 0x0000024177940800 nmethod 3345 0x0000024163e46910 code [0x0000024163e46a60, 0x0000024163e46b78]
Event: 6.648 Thread 0x0000024177940800 3350  s    3       java.lang.StringBuffer::append (13 bytes)
Event: 6.648 Thread 0x0000024177940800 nmethod 3350 0x0000024163e45fd0 code [0x0000024163e46140, 0x0000024163e46470]
Event: 6.649 Thread 0x0000024177940800 3351       3       java.math.BigInteger::primitiveLeftShift (79 bytes)
Event: 6.649 Thread 0x0000024177940800 nmethod 3351 0x0000024163e45950 code [0x0000024163e45ac0, 0x0000024163e45dd8]
Event: 6.649 Thread 0x0000024177940800 3352       3       java.math.BigInteger::montReduce (99 bytes)
Event: 6.650 Thread 0x0000024177940800 nmethod 3352 0x0000024163e44dd0 code [0x0000024163e44fa0, 0x0000024163e45580]
Event: 6.650 Thread 0x0000024177940800 3353       3       java.math.BigInteger::implSquareToLen (154 bytes)
Event: 6.650 Thread 0x0000024177940800 nmethod 3353 0x0000024163e4a110 code [0x0000024163e4a2e0, 0x0000024163e4a8c0]

GC Heap History (10 events):
Event: 3.047 GC heap before
{Heap before GC invocations=5 (full 0):
 PSYoungGen      total 71680K, used 48163K [0x00000000d5b00000, 0x00000000da600000, 0x0000000100000000)
  eden space 66560K, 64% used [0x00000000d5b00000,0x00000000d850d448,0x00000000d9c00000)
  from space 5120K, 99% used [0x00000000da100000,0x00000000da5fb7d0,0x00000000da600000)
  to   space 5120K, 0% used [0x00000000d9c00000,0x00000000d9c00000,0x00000000da100000)
 ParOldGen       total 87552K, used 1823K [0x0000000081000000, 0x0000000086580000, 0x00000000d5b00000)
  object space 87552K, 2% used [0x0000000081000000,0x00000000811c7de8,0x0000000086580000)
 Metaspace       used 20440K, capacity 21252K, committed 21296K, reserved 1067008K
  class space    used 2629K, capacity 2824K, committed 2864K, reserved 1048576K
Event: 3.057 GC heap after
Heap after GC invocations=5 (full 0):
 PSYoungGen      total 71680K, used 5104K [0x00000000d5b00000, 0x00000000dee00000, 0x0000000100000000)
  eden space 66560K, 0% used [0x00000000d5b00000,0x00000000d5b00000,0x00000000d9c00000)
  from space 5120K, 99% used [0x00000000d9c00000,0x00000000da0fc1a0,0x00000000da100000)
  to   space 8704K, 0% used [0x00000000de580000,0x00000000de580000,0x00000000dee00000)
 ParOldGen       total 87552K, used 4993K [0x0000000081000000, 0x0000000086580000, 0x00000000d5b00000)
  object space 87552K, 5% used [0x0000000081000000,0x00000000814e0718,0x0000000086580000)
 Metaspace       used 20440K, capacity 21252K, committed 21296K, reserved 1067008K
  class space    used 2629K, capacity 2824K, committed 2864K, reserved 1048576K
}
Event: 3.057 GC heap before
{Heap before GC invocations=6 (full 1):
 PSYoungGen      total 71680K, used 5104K [0x00000000d5b00000, 0x00000000dee00000, 0x0000000100000000)
  eden space 66560K, 0% used [0x00000000d5b00000,0x00000000d5b00000,0x00000000d9c00000)
  from space 5120K, 99% used [0x00000000d9c00000,0x00000000da0fc1a0,0x00000000da100000)
  to   space 8704K, 0% used [0x00000000de580000,0x00000000de580000,0x00000000dee00000)
 ParOldGen       total 87552K, used 4993K [0x0000000081000000, 0x0000000086580000, 0x00000000d5b00000)
  object space 87552K, 5% used [0x0000000081000000,0x00000000814e0718,0x0000000086580000)
 Metaspace       used 20440K, capacity 21252K, committed 21296K, reserved 1067008K
  class space    used 2629K, capacity 2824K, committed 2864K, reserved 1048576K
Event: 3.086 GC heap after
Heap after GC invocations=6 (full 1):
 PSYoungGen      total 71680K, used 0K [0x00000000d5b00000, 0x00000000dee00000, 0x0000000100000000)
  eden space 66560K, 0% used [0x00000000d5b00000,0x00000000d5b00000,0x00000000d9c00000)
  from space 5120K, 0% used [0x00000000d9c00000,0x00000000d9c00000,0x00000000da100000)
  to   space 8704K, 0% used [0x00000000de580000,0x00000000de580000,0x00000000dee00000)
 ParOldGen       total 55296K, used 8135K [0x0000000081000000, 0x0000000084600000, 0x00000000d5b00000)
  object space 55296K, 14% used [0x0000000081000000,0x00000000817f1eb0,0x0000000084600000)
 Metaspace       used 20440K, capacity 21252K, committed 21296K, reserved 1067008K
  class space    used 2629K, capacity 2824K, committed 2864K, reserved 1048576K
}
Event: 3.753 GC heap before
{Heap before GC invocations=7 (full 1):
 PSYoungGen      total 71680K, used 66560K [0x00000000d5b00000, 0x00000000dee00000, 0x0000000100000000)
  eden space 66560K, 100% used [0x00000000d5b00000,0x00000000d9c00000,0x00000000d9c00000)
  from space 5120K, 0% used [0x00000000d9c00000,0x00000000d9c00000,0x00000000da100000)
  to   space 8704K, 0% used [0x00000000de580000,0x00000000de580000,0x00000000dee00000)
 ParOldGen       total 55296K, used 8135K [0x0000000081000000, 0x0000000084600000, 0x00000000d5b00000)
  object space 55296K, 14% used [0x0000000081000000,0x00000000817f1eb0,0x0000000084600000)
 Metaspace       used 24329K, capacity 25414K, committed 25648K, reserved 1071104K
  class space    used 3117K, capacity 3360K, committed 3376K, reserved 1048576K
Event: 3.762 GC heap after
Heap after GC invocations=7 (full 1):
 PSYoungGen      total 117248K, used 6456K [0x00000000d5b00000, 0x00000000dec00000, 0x0000000100000000)
  eden space 110592K, 0% used [0x00000000d5b00000,0x00000000d5b00000,0x00000000dc700000)
  from space 6656K, 97% used [0x00000000de580000,0x00000000debce3e8,0x00000000dec00000)
  to   space 8192K, 0% used [0x00000000ddc00000,0x00000000ddc00000,0x00000000de400000)
 ParOldGen       total 55296K, used 8143K [0x0000000081000000, 0x0000000084600000, 0x00000000d5b00000)
  object space 55296K, 14% used [0x0000000081000000,0x00000000817f3eb0,0x0000000084600000)
 Metaspace       used 24329K, capacity 25414K, committed 25648K, reserved 1071104K
  class space    used 3117K, capacity 3360K, committed 3376K, reserved 1048576K
}
Event: 6.474 GC heap before
{Heap before GC invocations=8 (full 1):
 PSYoungGen      total 117248K, used 114270K [0x00000000d5b00000, 0x00000000dec00000, 0x0000000100000000)
  eden space 110592K, 97% used [0x00000000d5b00000,0x00000000dc449690,0x00000000dc700000)
  from space 6656K, 97% used [0x00000000de580000,0x00000000debce3e8,0x00000000dec00000)
  to   space 8192K, 0% used [0x00000000ddc00000,0x00000000ddc00000,0x00000000de400000)
 ParOldGen       total 55296K, used 8143K [0x0000000081000000, 0x0000000084600000, 0x00000000d5b00000)
  object space 55296K, 14% used [0x0000000081000000,0x00000000817f3eb0,0x0000000084600000)
 Metaspace       used 33309K, capacity 35388K, committed 35496K, reserved 1079296K
  class space    used 4334K, capacity 4731K, committed 4784K, reserved 1048576K
Event: 6.490 GC heap after
Heap after GC invocations=8 (full 1):
 PSYoungGen      total 118784K, used 8164K [0x00000000d5b00000, 0x00000000dec00000, 0x0000000100000000)
  eden space 110592K, 0% used [0x00000000d5b00000,0x00000000d5b00000,0x00000000dc700000)
  from space 8192K, 99% used [0x00000000ddc00000,0x00000000de3f9200,0x00000000de400000)
  to   space 6656K, 0% used [0x00000000de580000,0x00000000de580000,0x00000000dec00000)
 ParOldGen       total 55296K, used 12455K [0x0000000081000000, 0x0000000084600000, 0x00000000d5b00000)
  object space 55296K, 22% used [0x0000000081000000,0x0000000081c29f80,0x0000000084600000)
 Metaspace       used 33309K, capacity 35388K, committed 35496K, reserved 1079296K
  class space    used 4334K, capacity 4731K, committed 4784K, reserved 1048576K
}
Event: 6.490 GC heap before
{Heap before GC invocations=9 (full 2):
 PSYoungGen      total 118784K, used 8164K [0x00000000d5b00000, 0x00000000dec00000, 0x0000000100000000)
  eden space 110592K, 0% used [0x00000000d5b00000,0x00000000d5b00000,0x00000000dc700000)
  from space 8192K, 99% used [0x00000000ddc00000,0x00000000de3f9200,0x00000000de400000)
  to   space 6656K, 0% used [0x00000000de580000,0x00000000de580000,0x00000000dec00000)
 ParOldGen       total 55296K, used 12455K [0x0000000081000000, 0x0000000084600000, 0x00000000d5b00000)
  object space 55296K, 22% used [0x0000000081000000,0x0000000081c29f80,0x0000000084600000)
 Metaspace       used 33309K, capacity 35388K, committed 35496K, reserved 1079296K
  class space    used 4334K, capacity 4731K, committed 4784K, reserved 1048576K
Event: 6.548 GC heap after
Heap after GC invocations=9 (full 2):
 PSYoungGen      total 118784K, used 0K [0x00000000d5b00000, 0x00000000dec00000, 0x0000000100000000)
  eden space 110592K, 0% used [0x00000000d5b00000,0x00000000d5b00000,0x00000000dc700000)
  from space 8192K, 0% used [0x00000000ddc00000,0x00000000ddc00000,0x00000000de400000)
  to   space 6656K, 0% used [0x00000000de580000,0x00000000de580000,0x00000000dec00000)
 ParOldGen       total 55296K, used 16739K [0x0000000081000000, 0x0000000084600000, 0x00000000d5b00000)
  object space 55296K, 30% used [0x0000000081000000,0x0000000082058e40,0x0000000084600000)
 Metaspace       used 33309K, capacity 35388K, committed 35496K, reserved 1079296K
  class space    used 4334K, capacity 4731K, committed 4784K, reserved 1048576K
}

Deoptimization events (10 events):
Event: 6.573 Thread 0x00000241798ac800 Uncommon trap: reason=unstable_if action=reinterpret pc=0x0000024163c226c8 method=java.util.jar.JarFile.maybeInstantiateVerifier()V @ 4
Event: 6.588 Thread 0x00000241798ac800 Uncommon trap: reason=class_check action=maybe_recompile pc=0x0000024163e10da0 method=java.lang.StringCoding$StringDecoder.decode([BII)[C @ 30
Event: 6.588 Thread 0x00000241798ac800 Uncommon trap: reason=unstable_if action=reinterpret pc=0x0000024163552878 method=java.net.URI.match(CJJ)Z @ 45
Event: 6.588 Thread 0x00000241798ac800 Uncommon trap: reason=class_check action=maybe_recompile pc=0x0000024163e10da0 method=java.lang.StringCoding$StringDecoder.decode([BII)[C @ 30
Event: 6.589 Thread 0x00000241798ac800 Uncommon trap: reason=class_check action=maybe_recompile pc=0x0000024163e10da0 method=java.lang.StringCoding$StringDecoder.decode([BII)[C @ 30
Event: 6.589 Thread 0x00000241798ac800 Uncommon trap: reason=class_check action=maybe_recompile pc=0x0000024163e10da0 method=java.lang.StringCoding$StringDecoder.decode([BII)[C @ 30
Event: 6.616 Thread 0x00000241798ac800 Uncommon trap: reason=class_check action=maybe_recompile pc=0x000002416348a0cc method=java.util.jar.JarFile.getJarEntry(Ljava/lang/String;)Ljava/util/jar/JarEntry; @ 2
Event: 6.616 Thread 0x00000241798ac800 Uncommon trap: reason=class_check action=maybe_recompile pc=0x000002416348a0cc method=java.util.jar.JarFile.getJarEntry(Ljava/lang/String;)Ljava/util/jar/JarEntry; @ 2
Event: 6.616 Thread 0x00000241798ac800 Uncommon trap: reason=class_check action=maybe_recompile pc=0x000002416348a0cc method=java.util.jar.JarFile.getJarEntry(Ljava/lang/String;)Ljava/util/jar/JarEntry; @ 2
Event: 6.639 Thread 0x00000241798ac800 Uncommon trap: reason=class_check action=maybe_recompile pc=0x000002416348a0cc method=java.util.jar.JarFile.getJarEntry(Ljava/lang/String;)Ljava/util/jar/JarEntry; @ 2

Classes redefined (0 events):
No events

Internal exceptions (10 events):
Event: 4.878 Thread 0x00000241798ac800 Exception <a 'java/lang/NoSuchMethodError': java.lang.Object.lambda$and$0(Lorg/springframework/util/ReflectionUtils$MethodFilter;Ljava/lang/reflect/Method;)Z> (0x00000000da103b28) thrown at [C:\jenkins\workspace\8-2-build-windows-amd64-cygwin\jdk8u321\214
Event: 4.881 Thread 0x00000241798ac800 Exception <a 'java/lang/NoSuchMethodError': java.lang.Object.lambda$thenComparing$36697e65$1(Ljava/util/Comparator;Ljava/lang/Object;Ljava/lang/Object;)I> (0x00000000da145758) thrown at [C:\jenkins\workspace\8-2-build-windows-amd64-cygwin\jdk8u321\2141\ho
Event: 4.903 Thread 0x00000241798ac800 Exception <a 'java/lang/ClassNotFoundException': java/lang/ObjectCustomizer> (0x00000000da1c2a68) thrown at [C:\jenkins\workspace\8-2-build-windows-amd64-cygwin\jdk8u321\2141\hotspot\src\share\vm\classfile\systemDictionary.cpp, line 212]
Event: 4.904 Thread 0x00000241798ac800 Exception <a 'java/lang/ClassNotFoundException': org/springframework/transaction/annotation/AbstractTransactionManagementConfigurationCustomizer> (0x00000000da1e9758) thrown at [C:\jenkins\workspace\8-2-build-windows-amd64-cygwin\jdk8u321\2141\hotspot\src
Event: 4.904 Thread 0x00000241798ac800 Exception <a 'java/lang/ClassNotFoundException': org/springframework/transaction/annotation/ProxyTransactionManagementConfigurationCustomizer> (0x00000000da20e860) thrown at [C:\jenkins\workspace\8-2-build-windows-amd64-cygwin\jdk8u321\2141\hotspot\src\sh
Event: 4.905 Thread 0x00000241798ac800 Exception <a 'java/lang/ClassNotFoundException': org/springframework/context/annotation/ImportAwareCustomizer> (0x00000000da22ca58) thrown at [C:\jenkins\workspace\8-2-build-windows-amd64-cygwin\jdk8u321\2141\hotspot\src\share\vm\classfile\systemDictionar
Event: 4.906 Thread 0x00000241798ac800 Exception <a 'java/lang/ClassNotFoundException': org/springframework/beans/factory/AwareCustomizer> (0x00000000da243d08) thrown at [C:\jenkins\workspace\8-2-build-windows-amd64-cygwin\jdk8u321\2141\hotspot\src\share\vm\classfile\systemDictionary.cpp, line
Event: 4.906 Thread 0x00000241798ac800 Implicit null exception at 0x0000024163aeba8c to 0x0000024163aebced
Event: 4.995 Thread 0x00000241798ac800 Exception <a 'java/lang/NoSuchMethodError': java.lang.Object.lambda$map$1(Ljava/util/function/Function;)Ljava/util/stream/Stream;> (0x00000000da641c50) thrown at [C:\jenkins\workspace\8-2-build-windows-amd64-cygwin\jdk8u321\2141\hotspot\src\share\vm\inter
Event: 5.361 Thread 0x00000241798ac800 Exception <a 'java/lang/IncompatibleClassChangeError': Found class java.lang.Object, but interface was expected> (0x00000000db0799f8) thrown at [C:\jenkins\workspace\8-2-build-windows-amd64-cygwin\jdk8u321\2141\hotspot\src\share\vm\interpreter\linkResolve

Events (10 events):
Event: 6.642 loading class sun/util/logging/resources/logging_en
Event: 6.642 loading class sun/util/logging/resources/logging_en done
Event: 6.643 Thread 0x00000241798ac800 DEOPT PACKING pc=0x0000024163cce708 sp=0x000000c2383fbfa0
Event: 6.643 Thread 0x00000241798ac800 DEOPT UNPACKING pc=0x0000024163257918 sp=0x000000c2383fbcc0 mode 1
Event: 6.643 loading class sun/util/logging/resources/logging_en_US
Event: 6.643 loading class sun/util/logging/resources/logging_en_US done
Event: 6.643 Thread 0x00000241798ac800 DEOPT PACKING pc=0x0000024163cce708 sp=0x000000c2383fc060
Event: 6.643 Thread 0x00000241798ac800 DEOPT UNPACKING pc=0x0000024163257918 sp=0x000000c2383fbd80 mode 1
Event: 6.645 loading class sun/security/x509/SubjectAlternativeNameExtension
Event: 6.646 loading class sun/security/x509/SubjectAlternativeNameExtension done


Dynamic libraries:
0x00007ff611b80000 - 0x00007ff611bc7000 	C:\Program Files\Java\jdk1.8.0_321\bin\java.exe
0x00007ffdaec10000 - 0x00007ffdaee05000 	C:\WINDOWS\SYSTEM32\ntdll.dll
0x00007ffdadde0000 - 0x00007ffdade9e000 	C:\WINDOWS\System32\KERNEL32.DLL
0x00007ffdac3e0000 - 0x00007ffdac6a8000 	C:\WINDOWS\System32\KERNELBASE.dll
0x00007ffdadd30000 - 0x00007ffdaddde000 	C:\WINDOWS\System32\ADVAPI32.dll
0x00007ffdad9a0000 - 0x00007ffdada3e000 	C:\WINDOWS\System32\msvcrt.dll
0x00007ffdadf70000 - 0x00007ffdae00c000 	C:\WINDOWS\System32\sechost.dll
0x00007ffdae8a0000 - 0x00007ffdae9c5000 	C:\WINDOWS\System32\RPCRT4.dll
0x00007ffdaea30000 - 0x00007ffdaebd0000 	C:\WINDOWS\System32\USER32.dll
0x00007ffdac9e0000 - 0x00007ffdaca02000 	C:\WINDOWS\System32\win32u.dll
0x00007ffdaded0000 - 0x00007ffdadefa000 	C:\WINDOWS\System32\GDI32.dll
0x00007ffdacb10000 - 0x00007ffdacc1b000 	C:\WINDOWS\System32\gdi32full.dll
0x00007ffdac8a0000 - 0x00007ffdac93d000 	C:\WINDOWS\System32\msvcp_win.dll
0x00007ffdaca10000 - 0x00007ffdacb10000 	C:\WINDOWS\System32\ucrtbase.dll
0x00007ffdab6f0000 - 0x00007ffdab98a000 	C:\WINDOWS\WinSxS\amd64_microsoft.windows.common-controls_6595b64144ccf1df_6.0.19041.1110_none_60b5254171f9507e\COMCTL32.dll
0x00007ffdadea0000 - 0x00007ffdaded0000 	C:\WINDOWS\System32\IMM32.DLL
0x00007ffda7190000 - 0x00007ffda71a5000 	C:\Program Files\Java\jdk1.8.0_321\jre\bin\vcruntime140.dll
0x00007ffda70f0000 - 0x00007ffda718b000 	C:\Program Files\Java\jdk1.8.0_321\jre\bin\msvcp140.dll
0x0000000069f90000 - 0x000000006a7f1000 	C:\Program Files\Java\jdk1.8.0_321\jre\bin\server\jvm.dll
0x00007ffdadbf0000 - 0x00007ffdadbf8000 	C:\WINDOWS\System32\PSAPI.DLL
0x00007ffd77840000 - 0x00007ffd77849000 	C:\WINDOWS\SYSTEM32\WSOCK32.dll
0x00007ffda4480000 - 0x00007ffda448a000 	C:\WINDOWS\SYSTEM32\VERSION.dll
0x00007ffd9f650000 - 0x00007ffd9f677000 	C:\WINDOWS\SYSTEM32\WINMM.dll
0x00007ffdae830000 - 0x00007ffdae89b000 	C:\WINDOWS\System32\WS2_32.dll
0x00007ffda9490000 - 0x00007ffda94a2000 	C:\WINDOWS\SYSTEM32\kernel.appcore.dll
0x00007ffda9780000 - 0x00007ffda9790000 	C:\Program Files\Java\jdk1.8.0_321\jre\bin\verify.dll
0x00007ffda6810000 - 0x00007ffda683b000 	C:\Program Files\Java\jdk1.8.0_321\jre\bin\java.dll
0x00007ffd70810000 - 0x00007ffd70846000 	C:\Program Files\Java\jdk1.8.0_321\jre\bin\jdwp.dll
0x00007ffda96d0000 - 0x00007ffda96d9000 	C:\Program Files\Java\jdk1.8.0_321\jre\bin\npt.dll
0x00007ffd707e0000 - 0x00007ffd70810000 	C:\Program Files\Java\jdk1.8.0_321\jre\bin\instrument.dll
0x00007ffda6850000 - 0x00007ffda6868000 	C:\Program Files\Java\jdk1.8.0_321\jre\bin\zip.dll
0x00007ffdacef0000 - 0x00007ffdad634000 	C:\WINDOWS\System32\SHELL32.dll
0x00007ffda9790000 - 0x00007ffda9f24000 	C:\WINDOWS\SYSTEM32\windows.storage.dll
0x00007ffdad640000 - 0x00007ffdad994000 	C:\WINDOWS\System32\combase.dll
0x00007ffdab650000 - 0x00007ffdab67c000 	C:\WINDOWS\SYSTEM32\Wldp.dll
0x00007ffdacc70000 - 0x00007ffdacd1d000 	C:\WINDOWS\System32\SHCORE.dll
0x00007ffdace90000 - 0x00007ffdacee5000 	C:\WINDOWS\System32\shlwapi.dll
0x00007ffdac270000 - 0x00007ffdac28f000 	C:\WINDOWS\SYSTEM32\profapi.dll
0x00007ffd9e310000 - 0x00007ffd9e31a000 	C:\Program Files\Java\jdk1.8.0_321\jre\bin\dt_socket.dll
0x00007ffdab3a0000 - 0x00007ffdab40a000 	C:\WINDOWS\system32\mswsock.dll
0x00007ffd9e2e0000 - 0x00007ffd9e2ed000 	C:\Program Files\Java\jdk1.8.0_321\jre\bin\management.dll
0x00007ffd9e340000 - 0x00007ffd9e35c000 	C:\Program Files\Java\jdk1.8.0_321\jre\bin\net.dll
0x00007ffd80bd0000 - 0x00007ffd80be7000 	C:\WINDOWS\system32\napinsp.dll
0x00007ffd80bb0000 - 0x00007ffd80bcb000 	C:\WINDOWS\system32\pnrpnsp.dll
0x00007ffd80b30000 - 0x00007ffd80b45000 	C:\WINDOWS\system32\wshbth.dll
0x00007ffda7060000 - 0x00007ffda707d000 	C:\WINDOWS\system32\NLAapi.dll
0x00007ffdab0a0000 - 0x00007ffdab0db000 	C:\WINDOWS\SYSTEM32\IPHLPAPI.DLL
0x00007ffdab0e0000 - 0x00007ffdab1ab000 	C:\WINDOWS\SYSTEM32\DNSAPI.dll
0x00007ffdadf00000 - 0x00007ffdadf08000 	C:\WINDOWS\System32\NSI.dll
0x00007ffd80b10000 - 0x00007ffd80b22000 	C:\WINDOWS\System32\winrnr.dll
0x00007ffd9aa70000 - 0x00007ffd9aa7a000 	C:\Windows\System32\rasadhlp.dll
0x00007ffd9a920000 - 0x00007ffd9a99f000 	C:\WINDOWS\System32\fwpuclnt.dll
0x00007ffdac940000 - 0x00007ffdac967000 	C:\WINDOWS\System32\bcrypt.dll
0x00007ffd95280000 - 0x00007ffd95293000 	C:\Program Files\Java\jdk1.8.0_321\jre\bin\nio.dll
0x00007ffdabff0000 - 0x00007ffdac008000 	C:\WINDOWS\SYSTEM32\CRYPTSP.dll
0x00007ffdaad50000 - 0x00007ffdaad84000 	C:\WINDOWS\system32\rsaenh.dll
0x00007ffdac230000 - 0x00007ffdac25e000 	C:\WINDOWS\SYSTEM32\USERENV.dll
0x00007ffdac810000 - 0x00007ffdac892000 	C:\WINDOWS\System32\bcryptprimitives.dll
0x00007ffdab490000 - 0x00007ffdab49c000 	C:\WINDOWS\SYSTEM32\CRYPTBASE.dll
0x00007ffda48e0000 - 0x00007ffda48f7000 	C:\WINDOWS\SYSTEM32\dhcpcsvc6.DLL
0x00007ffda49d0000 - 0x00007ffda49ed000 	C:\WINDOWS\SYSTEM32\dhcpcsvc.DLL
0x00007ffd70770000 - 0x00007ffd70794000 	C:\Program Files\Java\jdk1.8.0_321\jre\bin\sunec.dll
0x00007ffd9b9e0000 - 0x00007ffd9b9ed000 	C:\Program Files\Java\jdk1.8.0_321\jre\bin\sunmscapi.dll
0x00007ffdac6b0000 - 0x00007ffdac806000 	C:\WINDOWS\System32\CRYPT32.dll
0x00007ffdab6c0000 - 0x00007ffdab6e7000 	C:\WINDOWS\SYSTEM32\ncrypt.dll
0x00007ffdab680000 - 0x00007ffdab6bb000 	C:\WINDOWS\SYSTEM32\NTASN1.dll
0x00007ffdabc60000 - 0x00007ffdabe44000 	C:\WINDOWS\SYSTEM32\dbghelp.dll

VM Arguments:
jvm_args: -agentlib:jdwp=transport=dt_socket,address=127.0.0.1:55396,suspend=y,server=n -javaagent:C:\Users\ADMIN\AppData\Local\JetBrains\IdeaIE2021.3\captureAgent\debugger-agent.jar -Dfile.encoding=UTF-8 
java_command: com.project.huytnfx12164.DemoApplication
java_class_path (initial): C:\Program Files\Java\jdk1.8.0_321\jre\lib\charsets.jar;C:\Program Files\Java\jdk1.8.0_321\jre\lib\deploy.jar;C:\Program Files\Java\jdk1.8.0_321\jre\lib\ext\access-bridge-64.jar;C:\Program Files\Java\jdk1.8.0_321\jre\lib\ext\cldrdata.jar;C:\Program Files\Java\jdk1.8.0_321\jre\lib\ext\dnsns.jar;C:\Program Files\Java\jdk1.8.0_321\jre\lib\ext\jaccess.jar;C:\Program Files\Java\jdk1.8.0_321\jre\lib\ext\jfxrt.jar;C:\Program Files\Java\jdk1.8.0_321\jre\lib\ext\localedata.jar;C:\Program Files\Java\jdk1.8.0_321\jre\lib\ext\nashorn.jar;C:\Program Files\Java\jdk1.8.0_321\jre\lib\ext\sunec.jar;C:\Program Files\Java\jdk1.8.0_321\jre\lib\ext\sunjce_provider.jar;C:\Program Files\Java\jdk1.8.0_321\jre\lib\ext\sunmscapi.jar;C:\Program Files\Java\jdk1.8.0_321\jre\lib\ext\sunpkcs11.jar;C:\Program Files\Java\jdk1.8.0_321\jre\lib\ext\zipfs.jar;C:\Program Files\Java\jdk1.8.0_321\jre\lib\javaws.jar;C:\Program Files\Java\jdk1.8.0_321\jre\lib\jce.jar;C:\Program Files\Java\jdk1.8.0_321\jre\lib\jfr.jar;C:\Program Files\Java\jdk1.8.0_321\jre\lib\jfxswt.jar;C:\Program Files\Java\jdk1.8.0_321\jre\lib\jsse.jar;C:\Program Files\Java\jdk1.8.0_321\jre\lib\management-agent.jar;C:\Program Files\Java\jdk1.8.0_321\jre\lib\plugin.jar;C:\Program Files\Java\jdk1.8.0_321\jre\lib\resources.jar;C:\Program Files\Java\jdk1.8.0_321\jre\lib\rt.jar;C:\Users\ADMIN\IdeaProjects\UP_SWP490x_01_v0.01\target\classes;C:\Users\ADMIN\.m2\repository\org\springframework\boot\spring-boot-starter-data-jpa\2.6.7\spring-boot-starter-data-jpa-2.6.7.jar;C:\Users\ADMIN\.m2\repository\org\springframework\boot\spring-boot-starter-aop\2.6.7\spring-boot-starter-aop-2.6.7.jar;C:\Users\ADMIN\.m2\repository\org\springframework\spring-aop\5.3.19\spring-aop-5.3.19.jar;C:\Users\ADMIN\.m2\repository\org\aspectj\aspectjweaver\1.9.7\aspectjweaver-1.9.7.jar;C:\Users\ADMIN\.m2\repository\org\springframework\boot\spring-boot-starter-jdbc\2.6.7\spring-boot-starter-jdbc-2.6.7.jar;C:\Users\ADMIN\.m2\repository\com\zaxxer\
Launcher Type: SUN_STANDARD

Environment Variables:
PATH=C:\Program Files (x86)\Common Files\Oracle\Java\javapath;C:\ProgramData\Oracle\Java\javapath;C:\Program Files\Microsoft MPI\Bin\;C:\WINDOWS\system32;C:\WINDOWS;C:\WINDOWS\System32\Wbem;C:\WINDOWS\System32\WindowsPowerShell\v1.0\;C:\WINDOWS\System32\OpenSSH\;C:\Program Files\Microsoft SQL Server\Client SDK\ODBC\170\Tools\Binn\;C:\Program Files (x86)\Microsoft SQL Server\150\Tools\Binn\;C:\Program Files\Microsoft SQL Server\150\Tools\Binn\;C:\Program Files\Microsoft SQL Server\150\DTS\Binn\;C:\Program Files (x86)\Microsoft SQL Server\150\DTS\Binn\;C:\Program Files\Azure Data Studio\bin;C:\Program Files\Cloudflare\Cloudflare WARP\;C:\Program Files\Java\jdk1.8.0_321\bin;C:\Users\ADMIN\AppData\Local\Microsoft\WindowsApps;C:\Users\ADMIN\AppData\Local\Programs\Microsoft VS Code\bin;C:\Users\ADMIN\AppData\Local\GitHubDesktop\bin;;C:\Program Files\Azure Data Studio\bin;C:\Program Files\JetBrains\IntelliJ IDEA Community Edition 2021.3.3\bin;
USERNAME=ADMIN
OS=Windows_NT
PROCESSOR_IDENTIFIER=Intel64 Family 6 Model 158 Stepping 11, GenuineIntel



---------------  S Y S T E M  ---------------

OS: Windows 10 , 64 bit Build 19041 (10.0.19041.1645)

CPU:total 4 (initial active 4) (4 cores per cpu, 1 threads per core) family 6 model 158 stepping 11, cmov, cx8, fxsr, mmx, sse, sse2, sse3, ssse3, sse4.1, sse4.2, popcnt, avx, avx2, aes, clmul, erms, 3dnowpref, lzcnt, tsc, tscinvbit, bmi1, bmi2, adx

Memory: 4k page, physical 8320448k(501168k free), swap 21037756k(1704k free)

vm_info: Java HotSpot(TM) 64-Bit Server VM (25.321-b07) for windows-amd64 JRE (1.8.0_321-b07), built on Dec 15 2021 11:19:20 by "java_re" with MS VC++ 15.9 (VS2017)

time: Sun Jun 19 19:34:39 2022
timezone: SE Asia Standard Time
elapsed time: 6.686631 seconds (0d 0h 0m 6s)

